0 info it worked if it ends with ok
1 verbose cli [ '/usr/bin/nodejs', '/usr/bin/npm', 'version', 'patch' ]
2 info using npm@3.5.2
3 info using node@v4.2.6
4 info git [ 'status', '--porcelain' ]
5 verbose stack Error: Git working directory not clean.
5 verbose stack M bin/index.js
5 verbose stack     at /usr/share/npm/lib/version.js:172:21
5 verbose stack     at ChildProcess.exithandler (child_process.js:204:7)
5 verbose stack     at emitTwo (events.js:87:13)
5 verbose stack     at ChildProcess.emit (events.js:172:7)
5 verbose stack     at maybeClose (internal/child_process.js:821:16)
5 verbose stack     at Socket.<anonymous> (internal/child_process.js:319:11)
5 verbose stack     at emitOne (events.js:77:13)
5 verbose stack     at Socket.emit (events.js:169:7)
5 verbose stack     at Pipe._onclose (net.js:469:12)
6 verbose cwd /home/terox/github/smpp-cli
7 error Linux 4.4.0-83-generic
8 error argv "/usr/bin/nodejs" "/usr/bin/npm" "version" "patch"
9 error node v4.2.6
10 error npm  v3.5.2
11 error Git working directory not clean.
11 error M bin/index.js
12 error If you need help, you may report this error at:
12 error     <https://github.com/npm/npm/issues>
13 verbose exit [ 1, true ]
